<?xml version="1.0" encoding="UTF-8"?>
<!-- Generated by org.testng.reporters.JUnitReportReporter -->
<testsuite hostname="DESKTOP-HTOPON3" failures="0" tests="1" name="mock_soln_test.pan_mock_soln_test" time="0.021" errors="0" timestamp="2025-01-16T09:55:16 IST" skipped="0">
  <testcase classname="mock_soln_test.pan_mock_soln_test" name="maindata_test" time="0.021"/>
  <system-out/>
</testsuite> <!-- mock_soln_test.pan_mock_soln_test -->
