<?xml version="1.0" encoding="UTF-8"?>
<!-- Generated by org.testng.reporters.JUnitReportReporter -->
<testsuite hostname="DESKTOP-HTOPON3" failures="0" tests="1" name="com.requestchaining.addProj_Test" time="9.765" errors="0" timestamp="2025-01-10T15:53:47 IST" skipped="0">
  <testcase classname="com.requestchaining.addProj_Test" name="addProjtoserver_test" time="9.765"/>
  <system-out/>
</testsuite> <!-- com.requestchaining.addProj_Test -->
