<?xml version="1.0" encoding="UTF-8"?>
<!-- Generated by org.testng.reporters.JUnitReportReporter -->
<testsuite hostname="DESKTOP-HTOPON3" failures="0" tests="1" name="autherization.bearerToken" time="10.276" errors="0" timestamp="2025-01-13T14:10:55 IST" skipped="0">
  <testcase classname="autherization.bearerToken" name="sampleTest" time="10.276"/>
  <system-out/>
</testsuite> <!-- autherization.bearerToken -->
