<?xml version="1.0" encoding="UTF-8"?>
<!-- Generated by org.testng.reporters.JUnitReportReporter -->
<testsuite hostname="DESKTOP-HTOPON3" failures="0" tests="1" name="com.rest.respo_validation.validate_respo_header_test" time="12.478" errors="0" timestamp="2025-01-10T11:49:17 IST" skipped="0">
  <testcase classname="com.rest.respo_validation.validate_respo_header_test" name="respo_header_vali" time="12.478"/>
  <system-out/>
</testsuite> <!-- com.rest.respo_validation.validate_respo_header_test -->
