<?xml version="1.0" encoding="UTF-8"?>
<!-- Generated by org.testng.reporters.JUnitReportReporter -->
<testsuite hostname="DESKTOP-HTOPON3" failures="0" tests="1" name="com.typeOfParam.formParam_test" time="2.998" errors="0" timestamp="2025-01-29T10:04:00 IST" skipped="0">
  <testcase classname="com.typeOfParam.formParam_test" name="form_test" time="2.998"/>
  <system-out/>
</testsuite> <!-- com.typeOfParam.formParam_test -->
