<?xml version="1.0" encoding="UTF-8"?>
<!-- Generated by org.testng.reporters.JUnitReportReporter -->
<testsuite hostname="DESKTOP-HTOPON3" failures="0" tests="1" name="autherization.BasicAuthTest" time="3.289" errors="0" timestamp="2025-01-29T10:12:17 IST" skipped="0">
  <testcase classname="autherization.BasicAuthTest" name="sampleTest" time="3.289"/>
  <system-out/>
</testsuite> <!-- autherization.BasicAuthTest -->
