<?xml version="1.0" encoding="UTF-8"?>
<!-- Generated by org.testng.reporters.JUnitReportReporter -->
<testsuite hostname="DESKTOP-HTOPON3" failures="0" tests="1" name="autherization.oauth2_0_test" time="12.774" errors="0" timestamp="2025-01-13T14:34:59 IST" skipped="0">
  <testcase classname="autherization.oauth2_0_test" name="sampleTest" time="12.774"/>
  <system-out/>
</testsuite> <!-- autherization.oauth2_0_test -->
