<?xml version="1.0" encoding="UTF-8"?>
<!-- Generated by org.testng.reporters.JUnitReportReporter -->
<testsuite hostname="DESKTOP-HTOPON3" failures="0" tests="1" name="com.requestchaining.getpayrollinfoviaauth_test" time="14.100" errors="0" timestamp="2025-01-24T10:57:47 IST" skipped="0">
  <testcase classname="com.requestchaining.getpayrollinfoviaauth_test" name="payrol_test" time="14.100"/>
  <system-out/>
</testsuite> <!-- com.requestchaining.getpayrollinfoviaauth_test -->
