<?xml version="1.0" encoding="UTF-8"?>
<!-- Generated by org.testng.reporters.JUnitReportReporter -->
<testsuite hostname="DESKTOP-HTOPON3" failures="0" tests="1" name="autherization.DigestAuthTest2" time="4.083" errors="0" timestamp="2025-01-29T10:13:30 IST" skipped="0">
  <testcase classname="autherization.DigestAuthTest2" name="digestTest" time="4.083"/>
  <system-out/>
</testsuite> <!-- autherization.DigestAuthTest2 -->
