<?xml version="1.0" encoding="UTF-8"?>
<!-- Generated by org.testng.reporters.JUnitReportReporter -->
<testsuite hostname="DESKTOP-HTOPON3" failures="0" tests="1" name="com.rest_with_Bdd.copy.ModifyDataToServer_patchTest" time="2.880" errors="0" timestamp="2025-01-09T11:53:47 IST" skipped="0">
  <testcase classname="com.rest_with_Bdd.copy.ModifyDataToServer_patchTest" name="patchDataToServer" time="2.880"/>
  <system-out/>
</testsuite> <!-- com.rest_with_Bdd.copy.ModifyDataToServer_patchTest -->
