<?xml version="1.0" encoding="UTF-8"?>
<!-- Generated by org.testng.reporters.JUnitReportReporter -->
<testsuite hostname="DESKTOP-HTOPON3" failures="0" tests="1" name="com.requestchaining.deleteProj" time="5.935" errors="0" timestamp="2025-01-10T16:16:04 IST" skipped="0">
  <testcase classname="com.requestchaining.deleteProj" name="addemp" time="5.935"/>
  <system-out/>
</testsuite> <!-- com.requestchaining.deleteProj -->
