<?xml version="1.0" encoding="UTF-8"?>
<!-- Generated by org.testng.reporters.JUnitReportReporter -->
<testsuite hostname="DESKTOP-HTOPON3" failures="0" tests="1" name="com.rest.respo_validation.validate_respo_body" time="4.138" errors="0" timestamp="2025-01-10T13:46:28 IST" skipped="0">
  <testcase classname="com.rest.respo_validation.validate_respo_body" name="test" time="4.138"/>
  <system-out/>
</testsuite> <!-- com.rest.respo_validation.validate_respo_body -->
