<?xml version="1.0" encoding="UTF-8"?>
<!-- Generated by org.testng.reporters.JUnitReportReporter -->
<testsuite hostname="DESKTOP-HTOPON3" failures="0" tests="1" name="com.rest_with_Bdd.copy.ReadForTest" time="4.351" errors="0" timestamp="2025-01-09T11:59:45 IST" skipped="0">
  <testcase classname="com.rest_with_Bdd.copy.ReadForTest" name="getDataFromServerTest" time="4.351"/>
  <system-out/>
</testsuite> <!-- com.rest_with_Bdd.copy.ReadForTest -->
