<?xml version="1.0" encoding="UTF-8"?>
<!-- Generated by org.testng.reporters.JUnitReportReporter -->
<testsuite hostname="DESKTOP-HTOPON3" failures="0" tests="1" name="mock_soln_test.paytest" time="4.150" errors="0" timestamp="2025-01-16T11:54:13 IST" skipped="0">
  <testcase classname="mock_soln_test.paytest" name="sampleTest" time="4.150"/>
  <system-out/>
</testsuite> <!-- mock_soln_test.paytest -->
