<?xml version="1.0" encoding="UTF-8"?>
<!-- Generated by org.testng.reporters.JUnitReportReporter -->
<testsuite hostname="DESKTOP-HTOPON3" failures="0" tests="1" name="com.rest.practice.seralization.jackson_serial_pojo_tool_test" time="0.459" errors="0" timestamp="2025-01-10T10:14:27 IST" skipped="0">
  <testcase classname="com.rest.practice.seralization.jackson_serial_pojo_tool_test" name="done" time="0.459"/>
  <system-out/>
</testsuite> <!-- com.rest.practice.seralization.jackson_serial_pojo_tool_test -->
