<?xml version="1.0" encoding="UTF-8"?>
<!-- Generated by org.testng.reporters.JUnitReportReporter -->
<testsuite hostname="DESKTOP-HTOPON3" failures="0" tests="1" name="com.rest_withoutBdd.ModifyDataToServer_patchTest" time="3.116" errors="0" timestamp="2025-01-09T10:34:16 IST" skipped="0">
  <testcase classname="com.rest_withoutBdd.ModifyDataToServer_patchTest" name="patchDataToServer" time="3.116"/>
  <system-out/>
</testsuite> <!-- com.rest_withoutBdd.ModifyDataToServer_patchTest -->
