<?xml version="1.0" encoding="UTF-8"?>
<!-- Generated by org.testng.reporters.JUnitReportReporter -->
<testsuite hostname="DESKTOP-HTOPON3" failures="0" tests="1" name="com.rest_withoutBdd.PostDataToServer_Test" time="3.158" errors="0" timestamp="2025-01-09T11:31:13 IST" skipped="0">
  <testcase classname="com.rest_withoutBdd.PostDataToServer_Test" name="PostDataToServerTest" time="3.158"/>
  <system-out/>
</testsuite> <!-- com.rest_withoutBdd.PostDataToServer_Test -->
