<?xml version="1.0" encoding="UTF-8"?>
<!-- Generated by org.testng.reporters.JUnitReportReporter -->
<testsuite hostname="DESKTOP-HTOPON3" failures="0" tests="1" name="com.rest.practice.sampletest" time="11.272" errors="0" timestamp="2025-01-09T09:23:18 IST" skipped="0">
  <testcase classname="com.rest.practice.sampletest" name="sampleTest" time="11.272"/>
  <system-out/>
</testsuite> <!-- com.rest.practice.sampletest -->
