<?xml version="1.0" encoding="UTF-8"?>
<!-- Generated by org.testng.reporters.JUnitReportReporter -->
<testsuite hostname="DESKTOP-HTOPON3" failures="0" tests="1" name="com.typeOfParam.queryParam_test" time="2.906" errors="0" timestamp="2025-01-29T10:03:11 IST" skipped="0">
  <testcase classname="com.typeOfParam.queryParam_test" name="query_test" time="2.906"/>
  <system-out/>
</testsuite> <!-- com.typeOfParam.queryParam_test -->
