<?xml version="1.0" encoding="UTF-8"?>
<!-- Generated by org.testng.reporters.JUnitReportReporter -->
<testsuite hostname="DESKTOP-HTOPON3" failures="0" tests="1" name="com.typeOfParam.path_param_test" time="9.131" errors="0" timestamp="2025-01-29T09:59:09 IST" skipped="0">
  <testcase classname="com.typeOfParam.path_param_test" name="path_test" time="9.131"/>
  <system-out/>
</testsuite> <!-- com.typeOfParam.path_param_test -->
