<?xml version="1.0" encoding="UTF-8"?>
<!-- Generated by org.testng.reporters.JUnitReportReporter -->
<testsuite hostname="DESKTOP-HTOPON3" failures="0" tests="1" name="encryption.encode_decode_test" time="0.021" errors="0" timestamp="2025-01-13T15:01:51 IST" skipped="0">
  <testcase classname="encryption.encode_decode_test" name="sampleTest" time="0.021"/>
  <system-out/>
</testsuite> <!-- encryption.encode_decode_test -->
