<?xml version="1.0" encoding="UTF-8"?>
<!-- Generated by org.testng.reporters.JUnitReportReporter -->
<testsuite hostname="DESKTOP-HTOPON3" failures="0" tests="1" name="autherization.premptiveTest" time="3.018" errors="0" timestamp="2025-01-13T12:48:36 IST" skipped="0">
  <testcase classname="autherization.premptiveTest" name="preTest" time="3.018"/>
  <system-out/>
</testsuite> <!-- autherization.premptiveTest -->
