<?xml version="1.0" encoding="UTF-8"?>
<!-- Generated by org.testng.reporters.JUnitReportReporter -->
<testsuite hostname="DESKTOP-HTOPON3" failures="0" tests="1" name="com.rest.practice.seralization.sampleTest" time="0.074" errors="0" timestamp="2025-01-09T12:39:48 IST" skipped="0">
  <testcase classname="com.rest.practice.seralization.sampleTest" name="live_gameTest" time="0.074"/>
  <system-out/>
</testsuite> <!-- com.rest.practice.seralization.sampleTest -->
