<?xml version="1.0" encoding="UTF-8"?>
<!-- Generated by org.testng.reporters.JUnitReportReporter -->
<testsuite hostname="DESKTOP-HTOPON3" failures="0" tests="1" name="com.rest.practice.seralization.jacksonSer_Test" time="0.456" errors="0" timestamp="2025-01-09T15:33:06 IST" skipped="0">
  <testcase classname="com.rest.practice.seralization.jacksonSer_Test" name="jacksonTest" time="0.456"/>
  <system-out/>
</testsuite> <!-- com.rest.practice.seralization.jacksonSer_Test -->
