<?xml version="1.0" encoding="UTF-8"?>
<!-- Generated by org.testng.reporters.JUnitReportReporter -->
<testsuite hostname="DESKTOP-HTOPON3" failures="0" tests="1" name="com.rest.practice.seralization.jacksonDeseri_Test" time="2.140" errors="0" timestamp="2025-01-09T15:11:11 IST" skipped="0">
  <testcase classname="com.rest.practice.seralization.jacksonDeseri_Test" name="desTest" time="2.140"/>
  <system-out/>
</testsuite> <!-- com.rest.practice.seralization.jacksonDeseri_Test -->
