<?xml version="1.0" encoding="UTF-8"?>
<!-- Generated by org.testng.reporters.JUnitReportReporter -->
<testsuite hostname="DESKTOP-HTOPON3" failures="0" tests="10" name="com.DDT_Dp.addMutipleProject_Dp_Test" time="8.837" errors="0" timestamp="2025-01-15T12:07:28 IST" skipped="0">
  <testcase classname="com.DDT_Dp.addMutipleProject_Dp_Test" name="sampleTest_Dp_Test" time="0.135"/>
  <system-out/>
  <testcase classname="com.DDT_Dp.addMutipleProject_Dp_Test" name="sampleTest_Dp_Test" time="0.149"/>
  <system-out/>
  <testcase classname="com.DDT_Dp.addMutipleProject_Dp_Test" name="sampleTest_Dp_Test" time="0.125"/>
  <system-out/>
  <testcase classname="com.DDT_Dp.addMutipleProject_Dp_Test" name="sampleTest_Dp_Test" time="0.116"/>
  <system-out/>
  <testcase classname="com.DDT_Dp.addMutipleProject_Dp_Test" name="sampleTest_Dp_Test" time="0.120"/>
  <system-out/>
  <testcase classname="com.DDT_Dp.addMutipleProject_Dp_Test" name="sampleTest_Dp_Test" time="7.712"/>
  <system-out/>
  <testcase classname="com.DDT_Dp.addMutipleProject_Dp_Test" name="sampleTest_Dp_Test" time="0.113"/>
  <system-out/>
  <testcase classname="com.DDT_Dp.addMutipleProject_Dp_Test" name="sampleTest_Dp_Test" time="0.110"/>
  <system-out/>
  <testcase classname="com.DDT_Dp.addMutipleProject_Dp_Test" name="sampleTest_Dp_Test" time="0.113"/>
  <system-out/>
  <testcase classname="com.DDT_Dp.addMutipleProject_Dp_Test" name="sampleTest_Dp_Test" time="0.144"/>
  <system-out/>
</testsuite> <!-- com.DDT_Dp.addMutipleProject_Dp_Test -->
