<?xml version="1.0" encoding="UTF-8"?>
<!-- Generated by org.testng.reporters.JUnitReportReporter -->
<testsuite hostname="DESKTOP-HTOPON3" failures="0" tests="1" name="com.typeOfParam.paramParam" time="3.666" errors="0" timestamp="2025-01-13T12:03:21 IST" skipped="0">
  <testcase classname="com.typeOfParam.paramParam" name="generic_test" time="3.666"/>
  <system-out/>
</testsuite> <!-- com.typeOfParam.paramParam -->
