<?xml version="1.0" encoding="UTF-8"?>
<!-- Generated by org.testng.reporters.JUnitReportReporter -->
<testsuite hostname="DESKTOP-HTOPON3" failures="0" tests="1" name="com.complexreq.postcomplexReqViaPOJO_Test" time="7.545" errors="0" timestamp="2025-01-10T11:04:51 IST" skipped="0">
  <testcase classname="com.complexreq.postcomplexReqViaPOJO_Test" name="postviaPojo_test" time="7.545"/>
  <system-out/>
</testsuite> <!-- com.complexreq.postcomplexReqViaPOJO_Test -->
