<?xml version="1.0" encoding="UTF-8"?>
<!-- Generated by org.testng.reporters.JUnitReportReporter -->
<testsuite hostname="DESKTOP-HTOPON3" failures="0" tests="1" name="com.rest.respo_validation.verifyComplexdataJsonXpath" time="3.258" errors="0" timestamp="2025-01-10T14:55:29 IST" skipped="0">
  <testcase classname="com.rest.respo_validation.verifyComplexdataJsonXpath" name="test" time="3.258"/>
  <system-out/>
</testsuite> <!-- com.rest.respo_validation.verifyComplexdataJsonXpath -->
