<?xml version="1.0" encoding="UTF-8"?>
<!-- Generated by org.testng.reporters.JUnitReportReporter -->
<testsuite hostname="DESKTOP-HTOPON3" failures="0" tests="1" name="com.rest_withoutBdd.ReadForTest" time="14.246" errors="0" timestamp="2025-01-09T09:47:15 IST" skipped="0">
  <testcase classname="com.rest_withoutBdd.ReadForTest" name="getDataFromServerTest" time="14.246"/>
  <system-out/>
</testsuite> <!-- com.rest_withoutBdd.ReadForTest -->
