<?xml version="1.0" encoding="UTF-8"?>
<!-- Generated by org.testng.reporters.JUnitReportReporter -->
<testsuite hostname="DESKTOP-HTOPON3" failures="0" tests="1" name="com.complexreq.postcomplexReqViaHasMapObj_Test" time="5.830" errors="0" timestamp="2025-01-10T10:30:53 IST" skipped="0">
  <testcase classname="com.complexreq.postcomplexReqViaHasMapObj_Test" name="postviahashmapobj_test" time="5.830"/>
  <system-out/>
</testsuite> <!-- com.complexreq.postcomplexReqViaHasMapObj_Test -->
