<?xml version="1.0" encoding="UTF-8"?>
<!-- Generated by org.testng.reporters.JUnitReportReporter -->
<testsuite hostname="DESKTOP-HTOPON3" failures="0" tests="1" name="com.rest_with_Bdd.copy.ModifyDataToServer_putTest" time="2.763" errors="0" timestamp="2025-01-09T11:49:39 IST" skipped="0">
  <testcase classname="com.rest_with_Bdd.copy.ModifyDataToServer_putTest" name="putDataToServer" time="2.763"/>
  <system-out/>
</testsuite> <!-- com.rest_with_Bdd.copy.ModifyDataToServer_putTest -->
