<?xml version="1.0" encoding="UTF-8"?>
<!-- Generated by org.testng.reporters.JUnitReportReporter -->
<testsuite hostname="DESKTOP-HTOPON3" failures="0" tests="1" name="com.complexreq.postcomplexReqViaJsonFile_Test" time="3.154" errors="0" timestamp="2025-01-10T10:47:33 IST" skipped="0">
  <testcase classname="com.complexreq.postcomplexReqViaJsonFile_Test" name="postviajsonfile_test" time="3.154"/>
  <system-out/>
</testsuite> <!-- com.complexreq.postcomplexReqViaJsonFile_Test -->
